<?xml version="1.0" encoding="utf-8"?><testsuites name="pytest tests"><testsuite name="pytest" errors="0" failures="0" skipped="0" tests="18" time="27.871" timestamp="2026-09-22T15:28:42.569097+00:00" hostname="agent-env-c1a44360-8add-4348-ab72-5392b5c2976b"><testcase classname="backend.tests.test_gheverhan_api" name="test_health" time="21.554" /><testcase classname="backend.tests.test_gheverhan_api" name="test_products_list" time="0.233" /><testcase classname="backend.tests.test_gheverhan_api" name="test_product_detail_essential_tee" time="0.219" /><testcase classname="backend.tests.test_gheverhan_api" name="test_login_invalid" time="0.229" /><testcase classname="backend.tests.test_gheverhan_api" name="test_login_customer_and_me" time="0.348" /><testcase classname="backend.tests.test_gheverhan_api" name="test_login_admin" time="0.330" /><testcase classname="backend.tests.test_gheverhan_api" name="test_cart_add_and_view" time="0.435" /><testcase classname="backend.tests.test_gheverhan_api" name="test_orders_list" time="0.111" /><testcase classname="backend.tests.test_gheverhan_api" name="test_admin_payments_requires_admin" time="0.103" /><testcase classname="backend.tests.test_gheverhan_api" name="test_admin_payments_list" time="0.092" /><testcase classname="backend.tests.test_security_fixes" name="test_sec001_preview_uses_trusted_shipping" time="0.737" /><testcase classname="backend.tests.test_security_fixes" name="test_sec001_preview_rejects_invalid_method" time="0.454" /><testcase classname="backend.tests.test_security_fixes" name="test_sec001_order_ignores_client_shipping_cost" time="0.842" /><testcase classname="backend.tests.test_security_fixes" name="test_sec001_order_rejects_invalid_method" time="0.546" /><testcase classname="backend.tests.test_security_fixes" name="test_sec002_proof_requires_id" time="0.304" /><testcase classname="backend.tests.test_security_fixes" name="test_sec002_proof_bogus_id" time="0.078" /><testcase classname="backend.tests.test_security_fixes" name="test_sec002_proof_requires_admin" time="0.097" /><testcase classname="backend.tests.test_security_fixes" name="test_sec002_proof_valid_id_returns_image" time="1.089" /></testsuite></testsuites>