<?xml version="1.0" encoding="utf-8"?><testsuites name="pytest tests"><testsuite name="pytest" errors="0" failures="0" skipped="0" tests="10" time="5.044" timestamp="2026-09-22T15:08:07.170549+00:00" hostname="agent-env-c1a44360-8add-4348-ab72-5392b5c2976b"><testcase classname="backend.tests.test_gheverhan_api" name="test_health" time="0.242" /><testcase classname="backend.tests.test_gheverhan_api" name="test_products_list" time="0.208" /><testcase classname="backend.tests.test_gheverhan_api" name="test_product_detail_essential_tee" time="0.184" /><testcase classname="backend.tests.test_gheverhan_api" name="test_login_invalid" time="0.228" /><testcase classname="backend.tests.test_gheverhan_api" name="test_login_customer_and_me" time="0.392" /><testcase classname="backend.tests.test_gheverhan_api" name="test_login_admin" time="0.352" /><testcase classname="backend.tests.test_gheverhan_api" name="test_cart_add_and_view" time="0.349" /><testcase classname="backend.tests.test_gheverhan_api" name="test_orders_list" time="1.551" /><testcase classname="backend.tests.test_gheverhan_api" name="test_admin_payments_requires_admin" time="1.328" /><testcase classname="backend.tests.test_gheverhan_api" name="test_admin_payments_list" time="0.107" /></testsuite></testsuites>