<?xml version="1.0" encoding="utf-8"?><testsuites name="pytest tests"><testsuite name="pytest" errors="0" failures="0" skipped="0" tests="8" time="9.423" timestamp="2026-09-22T15:26:37.616393+00:00" hostname="agent-env-c1a44360-8add-4348-ab72-5392b5c2976b"><testcase classname="backend.tests.test_security_fixes" name="test_sec001_preview_uses_trusted_shipping" time="2.429" /><testcase classname="backend.tests.test_security_fixes" name="test_sec001_preview_rejects_invalid_method" time="0.454" /><testcase classname="backend.tests.test_security_fixes" name="test_sec001_order_ignores_client_shipping_cost" time="0.810" /><testcase classname="backend.tests.test_security_fixes" name="test_sec001_order_rejects_invalid_method" time="4.101" /><testcase classname="backend.tests.test_security_fixes" name="test_sec002_proof_requires_id" time="0.418" /><testcase classname="backend.tests.test_security_fixes" name="test_sec002_proof_bogus_id" time="0.085" /><testcase classname="backend.tests.test_security_fixes" name="test_sec002_proof_requires_admin" time="0.092" /><testcase classname="backend.tests.test_security_fixes" name="test_sec002_proof_valid_id_returns_image" time="0.970" /></testsuite></testsuites>